## SLURM PROLOG ###############################################################
##    Job ID : 12470254
##  Job Name : RaxmlRun1
##  Nodelist : node523
##      CPUs : 8
##   Mem/CPU : 2800 MB
## Directory : /gpfs/data/biol1425/guest319/phylobio_final_project
##   Started : Tue Apr 26 18:37:59 EDT 2016
###############################################################################
module: loading 'raxml/8.0.22'

This is RAxML MPI Process Number: 1
ERROR: Taxon Name "Xenopus_(Silurana)_tropicalis_glutamic_pyruvate_tr" is invalid at position 8, it contains illegal character (
Illegal characters in taxon-names are: tabulators, carriage returns, spaces, ":", ",", ")", "(", ";", "]", "[", "'" 
Exiting

This is RAxML MPI Process Number: 3
ERROR: Taxon Name "Xenopus_(Silurana)_tropicalis_glutamic_pyruvate_tr" is invalid at position 8, it contains illegal character (
Illegal characters in taxon-names are: tabulators, carriage returns, spaces, ":", ",", ")", "(", ";", "]", "[", "'" 
Exiting

This is RAxML MPI Process Number: 2
ERROR: Taxon Name "Xenopus_(Silurana)_tropicalis_glutamic_pyruvate_tr" is invalid at position 8, it contains illegal character (
Illegal characters in taxon-names are: tabulators, carriage returns, spaces, ":", ",", ")", "(", ";", "]", "[", "'" 
Exiting

This is RAxML MPI Process Number: 6
ERROR: Taxon Name "Xenopus_(Silurana)_tropicalis_glutamic_pyruvate_tr" is invalid at position 8, it contains illegal character (
Illegal characters in taxon-names are: tabulators, carriage returns, spaces, ":", ",", ")", "(", ";", "]", "[", "'" 
Exiting

This is RAxML MPI Process Number: 4
ERROR: Taxon Name "Xenopus_(Silurana)_tropicalis_glutamic_pyruvate_tr" is invalid at position 8, it contains illegal character (
Illegal characters in taxon-names are: tabulators, carriage returns, spaces, ":", ",", ")", "(", ";", "]", "[", "'" 
Exiting

This is RAxML MPI Process Number: 5
ERROR: Taxon Name "Xenopus_(Silurana)_tropicalis_glutamic_pyruvate_tr" is invalid at position 8, it contains illegal character (
Illegal characters in taxon-names are: tabulators, carriage returns, spaces, ":", ",", ")", "(", ";", "]", "[", "'" 
Exiting

This is RAxML MPI Process Number: 7
ERROR: Taxon Name "Xenopus_(Silurana)_tropicalis_glutamic_pyruvate_tr" is invalid at position 8, it contains illegal character (
Illegal characters in taxon-names are: tabulators, carriage returns, spaces, ":", ",", ")", "(", ";", "]", "[", "'" 
Exiting

This is RAxML MPI Process Number: 0
ERROR: Taxon Name "Xenopus_(Silurana)_tropicalis_glutamic_pyruvate_tr" is invalid at position 8, it contains illegal character (
Illegal characters in taxon-names are: tabulators, carriage returns, spaces, ":", ",", ")", "(", ";", "]", "[", "'" 
Exiting
srun: error: node523: tasks 0-7: Exited with exit code 255

This is RAxML MPI Process Number: 1
ERROR: Taxon Name "PREDICTED:_Pan_troglodytes_glutamic_pyruvate_trans" is invalid at position 9, it contains illegal character :
Illegal characters in taxon-names are: tabulators, carriage returns, spaces, ":", ",", ")", "(", ";", "]", "[", "'" 
Exiting

This is RAxML MPI Process Number: 2
ERROR: Taxon Name "PREDICTED:_Pan_troglodytes_glutamic_pyruvate_trans" is invalid at position 9, it contains illegal character :
Illegal characters in taxon-names are: tabulators, carriage returns, spaces, ":", ",", ")", "(", ";", "]", "[", "'" 
Exiting

This is RAxML MPI Process Number: 3
ERROR: Taxon Name "PREDICTED:_Pan_troglodytes_glutamic_pyruvate_trans" is invalid at position 9, it contains illegal character :
Illegal characters in taxon-names are: tabulators, carriage returns, spaces, ":", ",", ")", "(", ";", "]", "[", "'" 
Exiting

This is RAxML MPI Process Number: 5
ERROR: Taxon Name "PREDICTED:_Pan_troglodytes_glutamic_pyruvate_trans" is invalid at position 9, it contains illegal character :
Illegal characters in taxon-names are: tabulators, carriage returns, spaces, ":", ",", ")", "(", ";", "]", "[", "'" 
Exiting

This is RAxML MPI Process Number: 4
ERROR: Taxon Name "PREDICTED:_Pan_troglodytes_glutamic_pyruvate_trans" is invalid at position 9, it contains illegal character :
Illegal characters in taxon-names are: tabulators, carriage returns, spaces, ":", ",", ")", "(", ";", "]", "[", "'" 
Exiting

This is RAxML MPI Process Number: 0
ERROR: Taxon Name "PREDICTED:_Pan_troglodytes_glutamic_pyruvate_trans" is invalid at position 9, it contains illegal character :
Illegal characters in taxon-names are: tabulators, carriage returns, spaces, ":", ",", ")", "(", ";", "]", "[", "'" 
Exiting

This is RAxML MPI Process Number: 6
ERROR: Taxon Name "PREDICTED:_Pan_troglodytes_glutamic_pyruvate_trans" is invalid at position 9, it contains illegal character :
Illegal characters in taxon-names are: tabulators, carriage returns, spaces, ":", ",", ")", "(", ";", "]", "[", "'" 
Exiting

This is RAxML MPI Process Number: 7
ERROR: Taxon Name "PREDICTED:_Pan_troglodytes_glutamic_pyruvate_trans" is invalid at position 9, it contains illegal character :
Illegal characters in taxon-names are: tabulators, carriage returns, spaces, ":", ",", ")", "(", ";", "]", "[", "'" 
Exiting
srun: error: node523: tasks 0-7: Exited with exit code 255
mv: cannot stat `gpt*': No such file or directory
