## SLURM PROLOG ###############################################################
##    Job ID : 12607038
##  Job Name : rbbatch.sh
##  Nodelist : node405
##      CPUs : 4
##  Mem/Node : 16384 MB
## Directory : /gpfs/scratch/guest382/phinal_analysis/Alignment_experiments
##   Started : Mon May  2 17:26:56 EDT 2016
###############################################################################
module: loading 'git/2.2.1'
module: loading 'revbayes/Mar2016'

RevBayes version 1.0.0 beta 4 (2016-02-05)

Visit the website www.RevBayes.com for more information about RevBayes.

RevBayes is free software released under the GPL license, version 3. Type 'license()' for details.

To quit RevBayes type 'quit()' or 'q()'.


> source("default.Rev")
   Processing file "default.Rev"
   Successfully read one character matrix from file 'default_rb.nex'

   Running MCMC simulation
   This simulation runs 2 independent replicates.
   The simulator uses 28 different moves in a random move schedule with 32 moves per iteration

Iter        |      Posterior   |     Likelihood   |          Prior   |             TL   |    elapsed   |        ETA   |
-----------------------------------------------------------------------------------------------------------------------
0           |       -21464.3   |       -21448.4   |       -15.8332   |        3.81152   |   00:00:00   |   --:--:--   |
1000        |       -13719.4   |       -13712.6   |       -6.80347   |        2.90924   |   00:00:34   |   --:--:--   |
2000        |       -13723.4   |       -13717.8   |       -5.59919   |        2.78846   |   00:01:07   |   00:21:13   |
3000        |       -13717.3   |       -13714.2   |       -3.09841   |        2.53854   |   00:01:41   |   00:20:45   |
4000        |       -13725.1   |       -13720.3   |       -4.74667   |        2.70336   |   00:02:15   |   00:20:15   |
5000        |       -13722.6   |       -13721.7   |      -0.911502   |        2.31985   |   00:02:48   |   00:19:36   |
6000        |       -13719.1   |       -13716.7   |       -2.45462   |        2.47385   |   00:03:22   |   00:19:04   |
7000        |       -13724.4   |       -13721.2   |       -3.22366   |        2.55082   |   00:03:55   |   00:18:27   |
8000        |       -13721.3   |       -13716.5   |       -4.88515   |        2.71716   |   00:04:27   |   00:17:48   |
9000        |       -13721.3   |       -13715.9   |       -5.33521   |        2.76246   |   00:05:00   |   00:17:13   |
10000       |       -13722.1   |       -13717.8   |       -4.32386   |        2.66063   |   00:05:33   |   00:16:39   |
11000       |       -13714.6   |       -13711.2   |       -3.40076   |        2.56874   |   00:06:08   |   00:16:10   |
12000       |       -13713.7   |       -13712.8   |      -0.936203   |        2.32177   |   00:06:41   |   00:15:35   |
13000       |       -13717.4   |       -13713.3   |       -4.11903   |        2.64074   |   00:07:15   |   00:15:03   |
14000       |         -13720   |       -13718.1   |       -1.98457   |        2.42726   |   00:07:49   |   00:14:31   |
15000       |       -13717.6   |       -13714.1   |       -3.57394   |        2.58592   |   00:08:22   |   00:13:56   |
16000       |       -13718.8   |       -13715.1   |        -3.6658   |         2.5955   |   00:08:56   |   00:13:24   |
17000       |       -13726.4   |       -13725.3   |       -1.09985   |        2.33781   |   00:09:29   |   00:12:49   |
18000       |       -13733.8   |       -13723.9   |       -9.88854   |         3.2177   |   00:10:03   |   00:12:17   |
19000       |       -13722.1   |       -13718.3   |       -3.86313   |        2.61483   |   00:10:36   |   00:11:42   |


Iter        |      Posterior   |     Likelihood   |          Prior   |             TL   |    elapsed   |        ETA   |
-----------------------------------------------------------------------------------------------------------------------
20000       |       -13719.3   |       -13717.1   |       -2.21164   |        2.44987   |   00:11:10   |   00:11:10   |
21000       |       -13732.4   |       -13723.9   |       -8.57833   |        3.08704   |   00:11:45   |   00:10:37   |
22000       |       -13723.7   |       -13720.1   |       -3.54996   |        2.58306   |   00:12:18   |   00:10:03   |
23000       |       -13715.2   |       -13710.5   |       -4.66204   |        2.69484   |   00:12:51   |   00:09:29   |
24000       |       -13720.4   |       -13717.5   |       -2.91827   |        2.52028   |   00:13:23   |   00:08:55   |
25000       |       -13713.4   |       -13709.3   |       -4.05365   |        2.63392   |   00:13:57   |   00:08:22   |
26000       |       -13722.3   |         -13719   |       -3.27401   |         2.5558   |   00:14:30   |   00:07:48   |
27000       |       -13720.5   |       -13714.5   |       -6.00433   |        2.82922   |   00:15:03   |   00:07:14   |
28000       |       -13722.9   |         -13718   |       -4.96908   |         2.7255   |   00:15:36   |   00:06:41   |
29000       |       -13722.2   |       -13719.9   |       -2.22478   |        2.45093   |   00:16:08   |   00:06:07   |
30000       |       -13723.9   |       -13720.4   |       -3.46056   |        2.57503   |   00:16:42   |   00:05:34   |
31000       |       -13718.5   |       -13712.9   |        -5.5663   |        2.78528   |   00:17:15   |   00:05:00   |
32000       |       -13723.7   |       -13720.3   |       -3.35421   |        2.56381   |   00:17:49   |   00:04:27   |
33000       |       -13722.2   |       -13715.9   |       -6.31219   |         2.8602   |   00:18:22   |   00:03:53   |
34000       |       -13720.2   |       -13715.4   |       -4.78732   |        2.70734   |   00:18:55   |   00:03:20   |
35000       |       -13726.1   |       -13723.4   |       -2.71324   |        2.49889   |   00:19:28   |   00:02:46   |
36000       |       -13719.8   |       -13713.9   |        -5.9351   |        2.82245   |   00:20:01   |   00:02:13   |
37000       |       -13714.8   |       -13712.3   |       -2.49893   |         2.4785   |   00:20:33   |   00:01:39   |
38000       |       -13725.2   |       -13721.8   |       -3.42088   |         2.5707   |   00:21:06   |   00:01:06   |
39000       |         -13723   |       -13718.6   |       -4.41317   |        2.67017   |   00:21:39   |   00:00:33   |


Iter        |      Posterior   |     Likelihood   |          Prior   |             TL   |    elapsed   |        ETA   |
-----------------------------------------------------------------------------------------------------------------------
40000       |       -13713.5   |       -13711.9   |       -1.52327   |        2.38089   |   00:22:12   |   00:00:00   |
   Processing file "revB/default_run_1.trees"
   Processing file "revB/default_run_2.trees"
   Compiling MAP tree from 4001 trees in tree trace, using a burnin of 1000 trees.
   Compiling 95% HPD node ages from 4001 total trees in tree trace, using a burnin of 1000 trees.
   Annotating tree ...
   Compiling MAP tree from 4001 trees in tree trace, using a burnin of 1000 trees.
   Compiling 95% HPD node ages from 4001 total trees in tree trace, using a burnin of 1000 trees.
   Annotating tree ...

RevBayes version 1.0.0 beta 4 (2016-02-05)

Visit the website www.RevBayes.com for more information about RevBayes.

RevBayes is free software released under the GPL license, version 3. Type 'license()' for details.

To quit RevBayes type 'quit()' or 'q()'.


> source("10_5.Rev")
   Processing file "10_5.Rev"
   Successfully read one character matrix from file '10_open_5_extend_rb.nex'

   Running MCMC simulation
   This simulation runs 2 independent replicates.
   The simulator uses 28 different moves in a random move schedule with 32 moves per iteration

Iter        |      Posterior   |     Likelihood   |          Prior   |             TL   |    elapsed   |        ETA   |
-----------------------------------------------------------------------------------------------------------------------
0           |       -28775.7   |       -28776.1   |       0.474051   |        2.01411   |   00:00:00   |   --:--:--   |
1000        |       -14455.7   |       -14438.7   |       -16.9514   |        3.92441   |   00:00:35   |   --:--:--   |
2000        |         -14445   |         -14431   |       -14.0104   |        3.63006   |   00:01:11   |   00:22:29   |
3000        |       -14448.9   |       -14439.8   |        -9.1307   |         3.1416   |   00:01:45   |   00:21:35   |
4000        |       -14447.7   |       -14427.9   |       -19.8578   |        4.21517   |   00:02:21   |   00:21:09   |
5000        |       -14456.1   |       -14440.3   |       -15.8161   |        3.81051   |   00:02:56   |   00:20:32   |
6000        |       -14455.3   |         -14439   |       -16.3006   |        3.85946   |   00:03:30   |   00:19:50   |
7000        |         -14459   |         -14445   |       -13.9636   |        3.62555   |   00:04:06   |   00:19:19   |
8000        |       -14455.2   |       -14438.3   |       -16.8595   |        3.91532   |   00:04:41   |   00:18:44   |
9000        |       -14456.6   |       -14439.4   |       -17.2218   |        3.95146   |   00:05:17   |   00:18:11   |
10000       |         -14450   |       -14434.8   |       -15.1884   |        3.74764   |   00:05:52   |   00:17:36   |
11000       |       -14447.1   |       -14433.9   |       -13.2784   |        3.55685   |   00:06:28   |   00:17:02   |
12000       |       -14442.7   |       -14428.6   |       -14.0903   |        3.63815   |   00:07:05   |   00:16:31   |
13000       |       -14456.9   |       -14441.8   |        -15.133   |         3.7422   |   00:07:40   |   00:15:55   |
14000       |       -14450.2   |       -14436.6   |       -13.6321   |         3.5922   |   00:08:16   |   00:15:21   |
15000       |       -14449.7   |       -14435.3   |       -14.3613   |        3.66513   |   00:08:51   |   00:14:45   |
16000       |         -14451   |       -14435.6   |       -15.3576   |        3.76501   |   00:09:28   |   00:14:12   |
17000       |       -14447.3   |       -14435.4   |       -11.9511   |        3.42405   |   00:10:04   |   00:13:37   |
18000       |         -14450   |         -14434   |       -15.9834   |        3.82747   |   00:10:39   |   00:13:01   |
19000       |       -14451.1   |       -14436.1   |       -15.0371   |        3.73296   |   00:11:16   |   00:12:27   |


Iter        |      Posterior   |     Likelihood   |          Prior   |             TL   |    elapsed   |        ETA   |
-----------------------------------------------------------------------------------------------------------------------
20000       |       -14449.4   |       -14431.8   |       -17.5106   |        3.98027   |   00:11:52   |   00:11:52   |
21000       |       -14449.4   |       -14431.9   |       -17.5677   |        3.98617   |   00:12:27   |   00:11:15   |
22000       |       -14455.8   |       -14440.4   |       -15.3966   |        3.76865   |   00:13:04   |   00:10:41   |
23000       |       -14450.9   |         -14438   |       -12.9241   |        3.52139   |   00:13:40   |   00:10:06   |
24000       |       -14451.1   |       -14437.3   |        -13.748   |        3.60434   |   00:14:15   |   00:09:30   |
25000       |       -14454.4   |       -14439.7   |       -14.7484   |        3.70404   |   00:14:52   |   00:08:55   |
26000       |       -14446.7   |       -14436.6   |       -10.0799   |        3.23642   |   00:15:28   |   00:08:19   |
27000       |         -14452   |         -14432   |        -20.036   |        4.23282   |   00:16:03   |   00:07:43   |
28000       |       -14448.4   |       -14430.9   |       -17.5239   |        3.98175   |   00:16:39   |   00:07:08   |
29000       |         -14449   |       -14432.3   |       -16.6972   |        3.89903   |   00:17:13   |   00:06:31   |
30000       |       -14451.3   |       -14435.5   |       -15.7765   |        3.80677   |   00:17:48   |   00:05:56   |
31000       |         -14457   |       -14439.3   |       -17.6236   |        3.99149   |   00:18:24   |   00:05:20   |
32000       |       -14450.6   |       -14434.5   |       -16.0965   |        3.83893   |   00:18:59   |   00:04:44   |
33000       |       -14452.2   |       -14438.8   |       -13.4148   |        3.57043   |   00:19:35   |   00:04:09   |
34000       |       -14452.6   |         -14434   |       -18.5902   |        4.08855   |   00:20:11   |   00:03:33   |
35000       |       -14457.3   |       -14436.6   |        -20.678   |        4.29716   |   00:20:47   |   00:02:58   |
36000       |       -14456.9   |       -14445.1   |       -11.7541   |        3.40401   |   00:21:30   |   00:02:23   |
37000       |       -14458.4   |       -14443.3   |       -15.0404   |        3.73283   |   00:22:06   |   00:01:47   |
38000       |       -14454.9   |       -14438.4   |       -16.5454   |        3.88398   |   00:22:42   |   00:01:11   |
39000       |       -14450.2   |       -14435.2   |       -15.0104   |        3.73006   |   00:23:20   |   00:00:35   |


Iter        |      Posterior   |     Likelihood   |          Prior   |             TL   |    elapsed   |        ETA   |
-----------------------------------------------------------------------------------------------------------------------
40000       |       -14451.1   |       -14437.5   |       -13.6426   |        3.59306   |   00:23:56   |   00:00:00   |
   Error:	Could not read file named "10_open_5_extend_run_1.trees" in directory named "revB" because the file does not exist
   Error:	Problem processing line 127 in file "10_5.Rev"
> 
RevBayes version 1.0.0 beta 4 (2016-02-05)

Visit the website www.RevBayes.com for more information about RevBayes.

RevBayes is free software released under the GPL license, version 3. Type 'license()' for details.

To quit RevBayes type 'quit()' or 'q()'.


> source("1_0.Rev")
   Error:	Could not open file "1_0.Rev"
> 