## SLURM PROLOG ###############################################################
##    Job ID : 12587558
##  Job Name : MyMPIJob
##  Nodelist : node419
##      CPUs : 8
##   Mem/CPU : 2800 MB
## Directory : /gpfs/scratch/guest314/phylobio_final_project/scripts
##   Started : Sun May  1 23:04:51 EDT 2016
###############################################################################
module: unloading 'raxml/8.2.0'
module: loading 'raxml/8.2.0'

This is RAxML MPI Process Number: 4

This is RAxML MPI Process Number: 2

This is RAxML MPI Process Number: 0
The file DQA_Outgroup2.phy you want to open for reading does not exist, exiting ...

This is RAxML MPI Process Number: 1

This is RAxML MPI Process Number: 6

This is RAxML MPI Process Number: 7

This is RAxML MPI Process Number: 3

This is RAxML MPI Process Number: 5
srun: error: node419: tasks 0-7: Exited with exit code 255

This is RAxML MPI Process Number: 1

This is RAxML MPI Process Number: 3

This is RAxML MPI Process Number: 5

This is RAxML MPI Process Number: 0
The file DQA_Lepus.phy you want to open for reading does not exist, exiting ...

This is RAxML MPI Process Number: 4

This is RAxML MPI Process Number: 6

This is RAxML MPI Process Number: 7

This is RAxML MPI Process Number: 2
srun: error: node419: tasks 0-7: Exited with exit code 255
